ARM GAS  /tmp/ccMym3lo.s 			page 1


   1              		.syntax unified
   2              		.cpu cortex-m3
   3              		.fpu softvfp
   4              		.eabi_attribute 20, 1
   5              		.eabi_attribute 21, 1
   6              		.eabi_attribute 23, 3
   7              		.eabi_attribute 24, 1
   8              		.eabi_attribute 25, 1
   9              		.eabi_attribute 26, 1
  10              		.eabi_attribute 30, 1
  11              		.eabi_attribute 34, 1
  12              		.eabi_attribute 18, 4
  13              		.thumb
  14              		.syntax unified
  15              		.file	"stm32f1xx_hal_timebase_tim.c"
  16              		.text
  17              	.Ltext0:
  18              		.cfi_sections	.debug_frame
  19              		.section	.text.HAL_InitTick,"ax",%progbits
  20              		.align	2
  21              		.global	HAL_InitTick
  22              		.thumb
  23              		.thumb_func
  25              	HAL_InitTick:
  26              	.LFB64:
  27              		.file 1 "Src/stm32f1xx_hal_timebase_tim.c"
   1:Src/stm32f1xx_hal_timebase_tim.c **** /* USER CODE BEGIN Header */
   2:Src/stm32f1xx_hal_timebase_tim.c **** /**
   3:Src/stm32f1xx_hal_timebase_tim.c ****   ******************************************************************************
   4:Src/stm32f1xx_hal_timebase_tim.c ****   * @file    stm32f1xx_hal_timebase_TIM.c 
   5:Src/stm32f1xx_hal_timebase_tim.c ****   * @brief   HAL time base based on the hardware TIM.
   6:Src/stm32f1xx_hal_timebase_tim.c ****   ******************************************************************************
   7:Src/stm32f1xx_hal_timebase_tim.c ****   * @attention
   8:Src/stm32f1xx_hal_timebase_tim.c ****   *
   9:Src/stm32f1xx_hal_timebase_tim.c ****   * <h2><center>&copy; Copyright (c) 2019 STMicroelectronics.
  10:Src/stm32f1xx_hal_timebase_tim.c ****   * All rights reserved.</center></h2>
  11:Src/stm32f1xx_hal_timebase_tim.c ****   *
  12:Src/stm32f1xx_hal_timebase_tim.c ****   * This software component is licensed by ST under Ultimate Liberty license
  13:Src/stm32f1xx_hal_timebase_tim.c ****   * SLA0044, the "License"; You may not use this file except in compliance with
  14:Src/stm32f1xx_hal_timebase_tim.c ****   * the License. You may obtain a copy of the License at:
  15:Src/stm32f1xx_hal_timebase_tim.c ****   *                             www.st.com/SLA0044
  16:Src/stm32f1xx_hal_timebase_tim.c ****   *
  17:Src/stm32f1xx_hal_timebase_tim.c ****   ******************************************************************************
  18:Src/stm32f1xx_hal_timebase_tim.c ****   */
  19:Src/stm32f1xx_hal_timebase_tim.c **** /* USER CODE END Header */
  20:Src/stm32f1xx_hal_timebase_tim.c **** 
  21:Src/stm32f1xx_hal_timebase_tim.c **** /* Includes ------------------------------------------------------------------*/
  22:Src/stm32f1xx_hal_timebase_tim.c **** #include "stm32f1xx_hal.h"
  23:Src/stm32f1xx_hal_timebase_tim.c **** #include "stm32f1xx_hal_tim.h"
  24:Src/stm32f1xx_hal_timebase_tim.c ****  
  25:Src/stm32f1xx_hal_timebase_tim.c **** /* Private typedef -----------------------------------------------------------*/
  26:Src/stm32f1xx_hal_timebase_tim.c **** /* Private define ------------------------------------------------------------*/
  27:Src/stm32f1xx_hal_timebase_tim.c **** /* Private macro -------------------------------------------------------------*/
  28:Src/stm32f1xx_hal_timebase_tim.c **** /* Private variables ---------------------------------------------------------*/
  29:Src/stm32f1xx_hal_timebase_tim.c **** TIM_HandleTypeDef        htim1; 
  30:Src/stm32f1xx_hal_timebase_tim.c **** /* Private function prototypes -----------------------------------------------*/
  31:Src/stm32f1xx_hal_timebase_tim.c **** /* Private functions ---------------------------------------------------------*/
ARM GAS  /tmp/ccMym3lo.s 			page 2


  32:Src/stm32f1xx_hal_timebase_tim.c **** 
  33:Src/stm32f1xx_hal_timebase_tim.c **** /**
  34:Src/stm32f1xx_hal_timebase_tim.c ****   * @brief  This function configures the TIM1 as a time base source. 
  35:Src/stm32f1xx_hal_timebase_tim.c ****   *         The time source is configured  to have 1ms time base with a dedicated 
  36:Src/stm32f1xx_hal_timebase_tim.c ****   *         Tick interrupt priority. 
  37:Src/stm32f1xx_hal_timebase_tim.c ****   * @note   This function is called  automatically at the beginning of program after
  38:Src/stm32f1xx_hal_timebase_tim.c ****   *         reset by HAL_Init() or at any time when clock is configured, by HAL_RCC_ClockConfig(). 
  39:Src/stm32f1xx_hal_timebase_tim.c ****   * @param  TickPriority: Tick interrupt priority.
  40:Src/stm32f1xx_hal_timebase_tim.c ****   * @retval HAL status
  41:Src/stm32f1xx_hal_timebase_tim.c ****   */
  42:Src/stm32f1xx_hal_timebase_tim.c **** HAL_StatusTypeDef HAL_InitTick(uint32_t TickPriority)
  43:Src/stm32f1xx_hal_timebase_tim.c **** {
  28              		.loc 1 43 0
  29              		.cfi_startproc
  30              		@ args = 0, pretend = 0, frame = 32
  31              		@ frame_needed = 0, uses_anonymous_args = 0
  32              	.LVL0:
  33 0000 00B5     		push	{lr}
  34              	.LCFI0:
  35              		.cfi_def_cfa_offset 4
  36              		.cfi_offset 14, -4
  37 0002 89B0     		sub	sp, sp, #36
  38              	.LCFI1:
  39              		.cfi_def_cfa_offset 40
  40              	.LVL1:
  44:Src/stm32f1xx_hal_timebase_tim.c ****   RCC_ClkInitTypeDef    clkconfig;
  45:Src/stm32f1xx_hal_timebase_tim.c ****   uint32_t              uwTimclock = 0;
  46:Src/stm32f1xx_hal_timebase_tim.c ****   uint32_t              uwPrescalerValue = 0;
  47:Src/stm32f1xx_hal_timebase_tim.c ****   uint32_t              pFLatency;
  48:Src/stm32f1xx_hal_timebase_tim.c ****   
  49:Src/stm32f1xx_hal_timebase_tim.c ****   /*Configure the TIM1 IRQ priority */
  50:Src/stm32f1xx_hal_timebase_tim.c ****   HAL_NVIC_SetPriority(TIM1_UP_IRQn, TickPriority ,0); 
  41              		.loc 1 50 0
  42 0004 0022     		movs	r2, #0
  43 0006 0146     		mov	r1, r0
  44 0008 1920     		movs	r0, #25
  45              	.LVL2:
  46 000a FFF7FEFF 		bl	HAL_NVIC_SetPriority
  47              	.LVL3:
  51:Src/stm32f1xx_hal_timebase_tim.c ****   
  52:Src/stm32f1xx_hal_timebase_tim.c ****   /* Enable the TIM1 global Interrupt */
  53:Src/stm32f1xx_hal_timebase_tim.c ****   HAL_NVIC_EnableIRQ(TIM1_UP_IRQn); 
  48              		.loc 1 53 0
  49 000e 1920     		movs	r0, #25
  50 0010 FFF7FEFF 		bl	HAL_NVIC_EnableIRQ
  51              	.LVL4:
  52              	.LBB2:
  54:Src/stm32f1xx_hal_timebase_tim.c ****   
  55:Src/stm32f1xx_hal_timebase_tim.c ****   /* Enable TIM1 clock */
  56:Src/stm32f1xx_hal_timebase_tim.c ****   __HAL_RCC_TIM1_CLK_ENABLE();
  53              		.loc 1 56 0
  54 0014 144B     		ldr	r3, .L5
  55 0016 9A69     		ldr	r2, [r3, #24]
  56 0018 42F40062 		orr	r2, r2, #2048
  57 001c 9A61     		str	r2, [r3, #24]
  58 001e 9B69     		ldr	r3, [r3, #24]
  59 0020 03F40063 		and	r3, r3, #2048
ARM GAS  /tmp/ccMym3lo.s 			page 3


  60 0024 0193     		str	r3, [sp, #4]
  61 0026 019B     		ldr	r3, [sp, #4]
  62              	.LBE2:
  57:Src/stm32f1xx_hal_timebase_tim.c ****   
  58:Src/stm32f1xx_hal_timebase_tim.c ****   /* Get clock configuration */
  59:Src/stm32f1xx_hal_timebase_tim.c ****   HAL_RCC_GetClockConfig(&clkconfig, &pFLatency);
  63              		.loc 1 59 0
  64 0028 02A9     		add	r1, sp, #8
  65 002a 03A8     		add	r0, sp, #12
  66 002c FFF7FEFF 		bl	HAL_RCC_GetClockConfig
  67              	.LVL5:
  60:Src/stm32f1xx_hal_timebase_tim.c ****   
  61:Src/stm32f1xx_hal_timebase_tim.c ****   /* Compute TIM1 clock */
  62:Src/stm32f1xx_hal_timebase_tim.c ****   uwTimclock = HAL_RCC_GetPCLK2Freq();
  68              		.loc 1 62 0
  69 0030 FFF7FEFF 		bl	HAL_RCC_GetPCLK2Freq
  70              	.LVL6:
  63:Src/stm32f1xx_hal_timebase_tim.c ****    
  64:Src/stm32f1xx_hal_timebase_tim.c ****   /* Compute the prescaler value to have TIM1 counter clock equal to 1MHz */
  65:Src/stm32f1xx_hal_timebase_tim.c ****   uwPrescalerValue = (uint32_t) ((uwTimclock / 1000000) - 1);
  71              		.loc 1 65 0
  72 0034 0D4B     		ldr	r3, .L5+4
  73 0036 A3FB0023 		umull	r2, r3, r3, r0
  74 003a 9B0C     		lsrs	r3, r3, #18
  75 003c 013B     		subs	r3, r3, #1
  76              	.LVL7:
  66:Src/stm32f1xx_hal_timebase_tim.c ****   
  67:Src/stm32f1xx_hal_timebase_tim.c ****   /* Initialize TIM1 */
  68:Src/stm32f1xx_hal_timebase_tim.c ****   htim1.Instance = TIM1;
  77              		.loc 1 68 0
  78 003e 0C48     		ldr	r0, .L5+8
  79              	.LVL8:
  80 0040 0C4A     		ldr	r2, .L5+12
  81 0042 0260     		str	r2, [r0]
  69:Src/stm32f1xx_hal_timebase_tim.c ****   
  70:Src/stm32f1xx_hal_timebase_tim.c ****   /* Initialize TIMx peripheral as follow:
  71:Src/stm32f1xx_hal_timebase_tim.c ****   + Period = [(TIM1CLK/1000) - 1]. to have a (1/1000) s time base.
  72:Src/stm32f1xx_hal_timebase_tim.c ****   + Prescaler = (uwTimclock/1000000 - 1) to have a 1MHz counter clock.
  73:Src/stm32f1xx_hal_timebase_tim.c ****   + ClockDivision = 0
  74:Src/stm32f1xx_hal_timebase_tim.c ****   + Counter direction = Up
  75:Src/stm32f1xx_hal_timebase_tim.c ****   */
  76:Src/stm32f1xx_hal_timebase_tim.c ****   htim1.Init.Period = (1000000 / 1000) - 1;
  82              		.loc 1 76 0
  83 0044 40F2E732 		movw	r2, #999
  84 0048 C260     		str	r2, [r0, #12]
  77:Src/stm32f1xx_hal_timebase_tim.c ****   htim1.Init.Prescaler = uwPrescalerValue;
  85              		.loc 1 77 0
  86 004a 4360     		str	r3, [r0, #4]
  78:Src/stm32f1xx_hal_timebase_tim.c ****   htim1.Init.ClockDivision = 0;
  87              		.loc 1 78 0
  88 004c 0023     		movs	r3, #0
  89              	.LVL9:
  90 004e 0361     		str	r3, [r0, #16]
  79:Src/stm32f1xx_hal_timebase_tim.c ****   htim1.Init.CounterMode = TIM_COUNTERMODE_UP;
  91              		.loc 1 79 0
  92 0050 8360     		str	r3, [r0, #8]
  80:Src/stm32f1xx_hal_timebase_tim.c ****   if(HAL_TIM_Base_Init(&htim1) == HAL_OK)
ARM GAS  /tmp/ccMym3lo.s 			page 4


  93              		.loc 1 80 0
  94 0052 FFF7FEFF 		bl	HAL_TIM_Base_Init
  95              	.LVL10:
  96 0056 18B9     		cbnz	r0, .L3
  81:Src/stm32f1xx_hal_timebase_tim.c ****   {
  82:Src/stm32f1xx_hal_timebase_tim.c ****     /* Start the TIM time Base generation in interrupt mode */
  83:Src/stm32f1xx_hal_timebase_tim.c ****     return HAL_TIM_Base_Start_IT(&htim1);
  97              		.loc 1 83 0
  98 0058 0548     		ldr	r0, .L5+8
  99 005a FFF7FEFF 		bl	HAL_TIM_Base_Start_IT
 100              	.LVL11:
 101 005e 00E0     		b	.L2
 102              	.L3:
  84:Src/stm32f1xx_hal_timebase_tim.c ****   }
  85:Src/stm32f1xx_hal_timebase_tim.c ****   
  86:Src/stm32f1xx_hal_timebase_tim.c ****   /* Return function status */
  87:Src/stm32f1xx_hal_timebase_tim.c ****   return HAL_ERROR;
 103              		.loc 1 87 0
 104 0060 0120     		movs	r0, #1
 105              	.L2:
  88:Src/stm32f1xx_hal_timebase_tim.c **** }
 106              		.loc 1 88 0
 107 0062 09B0     		add	sp, sp, #36
 108              	.LCFI2:
 109              		.cfi_def_cfa_offset 4
 110              		@ sp needed
 111 0064 5DF804FB 		ldr	pc, [sp], #4
 112              	.L6:
 113              		.align	2
 114              	.L5:
 115 0068 00100240 		.word	1073876992
 116 006c 83DE1B43 		.word	1125899907
 117 0070 00000000 		.word	htim1
 118 0074 002C0140 		.word	1073818624
 119              		.cfi_endproc
 120              	.LFE64:
 122              		.section	.text.HAL_SuspendTick,"ax",%progbits
 123              		.align	2
 124              		.global	HAL_SuspendTick
 125              		.thumb
 126              		.thumb_func
 128              	HAL_SuspendTick:
 129              	.LFB65:
  89:Src/stm32f1xx_hal_timebase_tim.c **** 
  90:Src/stm32f1xx_hal_timebase_tim.c **** /**
  91:Src/stm32f1xx_hal_timebase_tim.c ****   * @brief  Suspend Tick increment.
  92:Src/stm32f1xx_hal_timebase_tim.c ****   * @note   Disable the tick increment by disabling TIM1 update interrupt.
  93:Src/stm32f1xx_hal_timebase_tim.c ****   * @param  None
  94:Src/stm32f1xx_hal_timebase_tim.c ****   * @retval None
  95:Src/stm32f1xx_hal_timebase_tim.c ****   */
  96:Src/stm32f1xx_hal_timebase_tim.c **** void HAL_SuspendTick(void)
  97:Src/stm32f1xx_hal_timebase_tim.c **** {
 130              		.loc 1 97 0
 131              		.cfi_startproc
 132              		@ args = 0, pretend = 0, frame = 0
 133              		@ frame_needed = 0, uses_anonymous_args = 0
 134              		@ link register save eliminated.
ARM GAS  /tmp/ccMym3lo.s 			page 5


  98:Src/stm32f1xx_hal_timebase_tim.c ****   /* Disable TIM1 update Interrupt */
  99:Src/stm32f1xx_hal_timebase_tim.c ****   __HAL_TIM_DISABLE_IT(&htim1, TIM_IT_UPDATE);                                                  
 135              		.loc 1 99 0
 136 0000 034B     		ldr	r3, .L8
 137 0002 1A68     		ldr	r2, [r3]
 138 0004 D368     		ldr	r3, [r2, #12]
 139 0006 23F00103 		bic	r3, r3, #1
 140 000a D360     		str	r3, [r2, #12]
 141 000c 7047     		bx	lr
 142              	.L9:
 143 000e 00BF     		.align	2
 144              	.L8:
 145 0010 00000000 		.word	htim1
 146              		.cfi_endproc
 147              	.LFE65:
 149              		.section	.text.HAL_ResumeTick,"ax",%progbits
 150              		.align	2
 151              		.global	HAL_ResumeTick
 152              		.thumb
 153              		.thumb_func
 155              	HAL_ResumeTick:
 156              	.LFB66:
 100:Src/stm32f1xx_hal_timebase_tim.c **** }
 101:Src/stm32f1xx_hal_timebase_tim.c **** 
 102:Src/stm32f1xx_hal_timebase_tim.c **** /**
 103:Src/stm32f1xx_hal_timebase_tim.c ****   * @brief  Resume Tick increment.
 104:Src/stm32f1xx_hal_timebase_tim.c ****   * @note   Enable the tick increment by Enabling TIM1 update interrupt.
 105:Src/stm32f1xx_hal_timebase_tim.c ****   * @param  None
 106:Src/stm32f1xx_hal_timebase_tim.c ****   * @retval None
 107:Src/stm32f1xx_hal_timebase_tim.c ****   */
 108:Src/stm32f1xx_hal_timebase_tim.c **** void HAL_ResumeTick(void)
 109:Src/stm32f1xx_hal_timebase_tim.c **** {
 157              		.loc 1 109 0
 158              		.cfi_startproc
 159              		@ args = 0, pretend = 0, frame = 0
 160              		@ frame_needed = 0, uses_anonymous_args = 0
 161              		@ link register save eliminated.
 110:Src/stm32f1xx_hal_timebase_tim.c ****   /* Enable TIM1 Update interrupt */
 111:Src/stm32f1xx_hal_timebase_tim.c ****   __HAL_TIM_ENABLE_IT(&htim1, TIM_IT_UPDATE);
 162              		.loc 1 111 0
 163 0000 034B     		ldr	r3, .L11
 164 0002 1A68     		ldr	r2, [r3]
 165 0004 D368     		ldr	r3, [r2, #12]
 166 0006 43F00103 		orr	r3, r3, #1
 167 000a D360     		str	r3, [r2, #12]
 168 000c 7047     		bx	lr
 169              	.L12:
 170 000e 00BF     		.align	2
 171              	.L11:
 172 0010 00000000 		.word	htim1
 173              		.cfi_endproc
 174              	.LFE66:
 176              		.comm	htim1,64,4
 177              		.text
 178              	.Letext0:
 179              		.file 2 "/usr/include/newlib/machine/_default_types.h"
 180              		.file 3 "/usr/include/newlib/sys/_stdint.h"
ARM GAS  /tmp/ccMym3lo.s 			page 6


 181              		.file 4 "Drivers/CMSIS/Device/ST/STM32F1xx/Include/stm32f103xb.h"
 182              		.file 5 "Drivers/STM32F1xx_HAL_Driver/Inc/stm32f1xx_hal_def.h"
 183              		.file 6 "Drivers/STM32F1xx_HAL_Driver/Inc/stm32f1xx_hal_rcc.h"
 184              		.file 7 "Drivers/STM32F1xx_HAL_Driver/Inc/stm32f1xx_hal_dma.h"
 185              		.file 8 "Drivers/STM32F1xx_HAL_Driver/Inc/stm32f1xx_hal_tim.h"
 186              		.file 9 "Drivers/CMSIS/Include/core_cm3.h"
 187              		.file 10 "Drivers/STM32F1xx_HAL_Driver/Inc/stm32f1xx_hal_cortex.h"
ARM GAS  /tmp/ccMym3lo.s 			page 7


DEFINED SYMBOLS
                            *ABS*:0000000000000000 stm32f1xx_hal_timebase_tim.c
     /tmp/ccMym3lo.s:20     .text.HAL_InitTick:0000000000000000 $t
     /tmp/ccMym3lo.s:25     .text.HAL_InitTick:0000000000000000 HAL_InitTick
     /tmp/ccMym3lo.s:115    .text.HAL_InitTick:0000000000000068 $d
                            *COM*:0000000000000040 htim1
     /tmp/ccMym3lo.s:123    .text.HAL_SuspendTick:0000000000000000 $t
     /tmp/ccMym3lo.s:128    .text.HAL_SuspendTick:0000000000000000 HAL_SuspendTick
     /tmp/ccMym3lo.s:145    .text.HAL_SuspendTick:0000000000000010 $d
     /tmp/ccMym3lo.s:150    .text.HAL_ResumeTick:0000000000000000 $t
     /tmp/ccMym3lo.s:155    .text.HAL_ResumeTick:0000000000000000 HAL_ResumeTick
     /tmp/ccMym3lo.s:172    .text.HAL_ResumeTick:0000000000000010 $d
                     .debug_frame:0000000000000010 $d

UNDEFINED SYMBOLS
HAL_NVIC_SetPriority
HAL_NVIC_EnableIRQ
HAL_RCC_GetClockConfig
HAL_RCC_GetPCLK2Freq
HAL_TIM_Base_Init
HAL_TIM_Base_Start_IT
