ARM GAS  /tmp/ccFKpU4h.s 			page 1


   1              		.syntax unified
   2              		.cpu cortex-m3
   3              		.fpu softvfp
   4              		.eabi_attribute 20, 1
   5              		.eabi_attribute 21, 1
   6              		.eabi_attribute 23, 3
   7              		.eabi_attribute 24, 1
   8              		.eabi_attribute 25, 1
   9              		.eabi_attribute 26, 1
  10              		.eabi_attribute 30, 1
  11              		.eabi_attribute 34, 1
  12              		.eabi_attribute 18, 4
  13              		.thumb
  14              		.syntax unified
  15              		.file	"stm32f1xx_it.c"
  16              		.text
  17              	.Ltext0:
  18              		.cfi_sections	.debug_frame
  19              		.section	.text.NMI_Handler,"ax",%progbits
  20              		.align	2
  21              		.global	NMI_Handler
  22              		.thumb
  23              		.thumb_func
  25              	NMI_Handler:
  26              	.LFB69:
  27              		.file 1 "Src/stm32f1xx_it.c"
   1:Src/stm32f1xx_it.c **** /* USER CODE BEGIN Header */
   2:Src/stm32f1xx_it.c **** /**
   3:Src/stm32f1xx_it.c ****   ******************************************************************************
   4:Src/stm32f1xx_it.c ****   * @file    stm32f1xx_it.c
   5:Src/stm32f1xx_it.c ****   * @brief   Interrupt Service Routines.
   6:Src/stm32f1xx_it.c ****   ******************************************************************************
   7:Src/stm32f1xx_it.c ****   * @attention
   8:Src/stm32f1xx_it.c ****   *
   9:Src/stm32f1xx_it.c ****   * <h2><center>&copy; Copyright (c) 2019 STMicroelectronics.
  10:Src/stm32f1xx_it.c ****   * All rights reserved.</center></h2>
  11:Src/stm32f1xx_it.c ****   *
  12:Src/stm32f1xx_it.c ****   * This software component is licensed by ST under Ultimate Liberty license
  13:Src/stm32f1xx_it.c ****   * SLA0044, the "License"; You may not use this file except in compliance with
  14:Src/stm32f1xx_it.c ****   * the License. You may obtain a copy of the License at:
  15:Src/stm32f1xx_it.c ****   *                             www.st.com/SLA0044
  16:Src/stm32f1xx_it.c ****   *
  17:Src/stm32f1xx_it.c ****   ******************************************************************************
  18:Src/stm32f1xx_it.c ****   */
  19:Src/stm32f1xx_it.c **** /* USER CODE END Header */
  20:Src/stm32f1xx_it.c **** 
  21:Src/stm32f1xx_it.c **** /* Includes ------------------------------------------------------------------*/
  22:Src/stm32f1xx_it.c **** #include "main.h"
  23:Src/stm32f1xx_it.c **** #include "stm32f1xx_it.h"
  24:Src/stm32f1xx_it.c **** #include "cmsis_os.h"
  25:Src/stm32f1xx_it.c **** /* Private includes ----------------------------------------------------------*/
  26:Src/stm32f1xx_it.c **** /* USER CODE BEGIN Includes */
  27:Src/stm32f1xx_it.c **** /* USER CODE END Includes */
  28:Src/stm32f1xx_it.c **** 
  29:Src/stm32f1xx_it.c **** /* Private typedef -----------------------------------------------------------*/
  30:Src/stm32f1xx_it.c **** /* USER CODE BEGIN TD */
  31:Src/stm32f1xx_it.c **** 
ARM GAS  /tmp/ccFKpU4h.s 			page 2


  32:Src/stm32f1xx_it.c **** /* USER CODE END TD */
  33:Src/stm32f1xx_it.c **** 
  34:Src/stm32f1xx_it.c **** /* Private define ------------------------------------------------------------*/
  35:Src/stm32f1xx_it.c **** /* USER CODE BEGIN PD */
  36:Src/stm32f1xx_it.c ****  
  37:Src/stm32f1xx_it.c **** /* USER CODE END PD */
  38:Src/stm32f1xx_it.c **** 
  39:Src/stm32f1xx_it.c **** /* Private macro -------------------------------------------------------------*/
  40:Src/stm32f1xx_it.c **** /* USER CODE BEGIN PM */
  41:Src/stm32f1xx_it.c **** 
  42:Src/stm32f1xx_it.c **** /* USER CODE END PM */
  43:Src/stm32f1xx_it.c **** 
  44:Src/stm32f1xx_it.c **** /* Private variables ---------------------------------------------------------*/
  45:Src/stm32f1xx_it.c **** /* USER CODE BEGIN PV */
  46:Src/stm32f1xx_it.c **** 
  47:Src/stm32f1xx_it.c **** /* USER CODE END PV */
  48:Src/stm32f1xx_it.c **** 
  49:Src/stm32f1xx_it.c **** /* Private function prototypes -----------------------------------------------*/
  50:Src/stm32f1xx_it.c **** /* USER CODE BEGIN PFP */
  51:Src/stm32f1xx_it.c **** 
  52:Src/stm32f1xx_it.c **** /* USER CODE END PFP */
  53:Src/stm32f1xx_it.c **** 
  54:Src/stm32f1xx_it.c **** /* Private user code ---------------------------------------------------------*/
  55:Src/stm32f1xx_it.c **** /* USER CODE BEGIN 0 */
  56:Src/stm32f1xx_it.c **** 
  57:Src/stm32f1xx_it.c **** /* USER CODE END 0 */
  58:Src/stm32f1xx_it.c **** 
  59:Src/stm32f1xx_it.c **** /* External variables --------------------------------------------------------*/
  60:Src/stm32f1xx_it.c **** extern TIM_HandleTypeDef htim1;
  61:Src/stm32f1xx_it.c **** 
  62:Src/stm32f1xx_it.c **** /* USER CODE BEGIN EV */
  63:Src/stm32f1xx_it.c **** 
  64:Src/stm32f1xx_it.c **** /* USER CODE END EV */
  65:Src/stm32f1xx_it.c **** 
  66:Src/stm32f1xx_it.c **** /******************************************************************************/
  67:Src/stm32f1xx_it.c **** /*           Cortex-M3 Processor Interruption and Exception Handlers          */ 
  68:Src/stm32f1xx_it.c **** /******************************************************************************/
  69:Src/stm32f1xx_it.c **** /**
  70:Src/stm32f1xx_it.c ****   * @brief This function handles Non maskable interrupt.
  71:Src/stm32f1xx_it.c ****   */
  72:Src/stm32f1xx_it.c **** void NMI_Handler(void)
  73:Src/stm32f1xx_it.c **** {
  28              		.loc 1 73 0
  29              		.cfi_startproc
  30              		@ args = 0, pretend = 0, frame = 0
  31              		@ frame_needed = 0, uses_anonymous_args = 0
  32              		@ link register save eliminated.
  33 0000 7047     		bx	lr
  34              		.cfi_endproc
  35              	.LFE69:
  37 0002 00BF     		.section	.text.HardFault_Handler,"ax",%progbits
  38              		.align	2
  39              		.global	HardFault_Handler
  40              		.thumb
  41              		.thumb_func
  43              	HardFault_Handler:
  44              	.LFB70:
ARM GAS  /tmp/ccFKpU4h.s 			page 3


  74:Src/stm32f1xx_it.c ****   /* USER CODE BEGIN NonMaskableInt_IRQn 0 */
  75:Src/stm32f1xx_it.c **** 
  76:Src/stm32f1xx_it.c ****   /* USER CODE END NonMaskableInt_IRQn 0 */
  77:Src/stm32f1xx_it.c ****   /* USER CODE BEGIN NonMaskableInt_IRQn 1 */
  78:Src/stm32f1xx_it.c **** 
  79:Src/stm32f1xx_it.c ****   /* USER CODE END NonMaskableInt_IRQn 1 */
  80:Src/stm32f1xx_it.c **** }
  81:Src/stm32f1xx_it.c **** 
  82:Src/stm32f1xx_it.c **** /**
  83:Src/stm32f1xx_it.c ****   * @brief This function handles Hard fault interrupt.
  84:Src/stm32f1xx_it.c ****   */
  85:Src/stm32f1xx_it.c **** void HardFault_Handler(void)
  86:Src/stm32f1xx_it.c **** {
  45              		.loc 1 86 0
  46              		.cfi_startproc
  47              		@ Volatile: function does not return.
  48              		@ args = 0, pretend = 0, frame = 0
  49              		@ frame_needed = 0, uses_anonymous_args = 0
  50              		@ link register save eliminated.
  51              	.L3:
  52 0000 FEE7     		b	.L3
  53              		.cfi_endproc
  54              	.LFE70:
  56 0002 00BF     		.section	.text.MemManage_Handler,"ax",%progbits
  57              		.align	2
  58              		.global	MemManage_Handler
  59              		.thumb
  60              		.thumb_func
  62              	MemManage_Handler:
  63              	.LFB71:
  87:Src/stm32f1xx_it.c ****   /* USER CODE BEGIN HardFault_IRQn 0 */
  88:Src/stm32f1xx_it.c **** 
  89:Src/stm32f1xx_it.c ****   /* USER CODE END HardFault_IRQn 0 */
  90:Src/stm32f1xx_it.c ****   while (1)
  91:Src/stm32f1xx_it.c ****   {
  92:Src/stm32f1xx_it.c ****     /* USER CODE BEGIN W1_HardFault_IRQn 0 */
  93:Src/stm32f1xx_it.c ****     /* USER CODE END W1_HardFault_IRQn 0 */
  94:Src/stm32f1xx_it.c ****   }
  95:Src/stm32f1xx_it.c **** }
  96:Src/stm32f1xx_it.c **** 
  97:Src/stm32f1xx_it.c **** /**
  98:Src/stm32f1xx_it.c ****   * @brief This function handles Memory management fault.
  99:Src/stm32f1xx_it.c ****   */
 100:Src/stm32f1xx_it.c **** void MemManage_Handler(void)
 101:Src/stm32f1xx_it.c **** {
  64              		.loc 1 101 0
  65              		.cfi_startproc
  66              		@ Volatile: function does not return.
  67              		@ args = 0, pretend = 0, frame = 0
  68              		@ frame_needed = 0, uses_anonymous_args = 0
  69              		@ link register save eliminated.
  70              	.L5:
  71 0000 FEE7     		b	.L5
  72              		.cfi_endproc
  73              	.LFE71:
  75 0002 00BF     		.section	.text.BusFault_Handler,"ax",%progbits
  76              		.align	2
ARM GAS  /tmp/ccFKpU4h.s 			page 4


  77              		.global	BusFault_Handler
  78              		.thumb
  79              		.thumb_func
  81              	BusFault_Handler:
  82              	.LFB72:
 102:Src/stm32f1xx_it.c ****   /* USER CODE BEGIN MemoryManagement_IRQn 0 */
 103:Src/stm32f1xx_it.c **** 
 104:Src/stm32f1xx_it.c ****   /* USER CODE END MemoryManagement_IRQn 0 */
 105:Src/stm32f1xx_it.c ****   while (1)
 106:Src/stm32f1xx_it.c ****   {
 107:Src/stm32f1xx_it.c ****     /* USER CODE BEGIN W1_MemoryManagement_IRQn 0 */
 108:Src/stm32f1xx_it.c ****     /* USER CODE END W1_MemoryManagement_IRQn 0 */
 109:Src/stm32f1xx_it.c ****   }
 110:Src/stm32f1xx_it.c **** }
 111:Src/stm32f1xx_it.c **** 
 112:Src/stm32f1xx_it.c **** /**
 113:Src/stm32f1xx_it.c ****   * @brief This function handles Prefetch fault, memory access fault.
 114:Src/stm32f1xx_it.c ****   */
 115:Src/stm32f1xx_it.c **** void BusFault_Handler(void)
 116:Src/stm32f1xx_it.c **** {
  83              		.loc 1 116 0
  84              		.cfi_startproc
  85              		@ Volatile: function does not return.
  86              		@ args = 0, pretend = 0, frame = 0
  87              		@ frame_needed = 0, uses_anonymous_args = 0
  88              		@ link register save eliminated.
  89              	.L7:
  90 0000 FEE7     		b	.L7
  91              		.cfi_endproc
  92              	.LFE72:
  94 0002 00BF     		.section	.text.UsageFault_Handler,"ax",%progbits
  95              		.align	2
  96              		.global	UsageFault_Handler
  97              		.thumb
  98              		.thumb_func
 100              	UsageFault_Handler:
 101              	.LFB73:
 117:Src/stm32f1xx_it.c ****   /* USER CODE BEGIN BusFault_IRQn 0 */
 118:Src/stm32f1xx_it.c **** 
 119:Src/stm32f1xx_it.c ****   /* USER CODE END BusFault_IRQn 0 */
 120:Src/stm32f1xx_it.c ****   while (1)
 121:Src/stm32f1xx_it.c ****   {
 122:Src/stm32f1xx_it.c ****     /* USER CODE BEGIN W1_BusFault_IRQn 0 */
 123:Src/stm32f1xx_it.c ****     /* USER CODE END W1_BusFault_IRQn 0 */
 124:Src/stm32f1xx_it.c ****   }
 125:Src/stm32f1xx_it.c **** }
 126:Src/stm32f1xx_it.c **** 
 127:Src/stm32f1xx_it.c **** /**
 128:Src/stm32f1xx_it.c ****   * @brief This function handles Undefined instruction or illegal state.
 129:Src/stm32f1xx_it.c ****   */
 130:Src/stm32f1xx_it.c **** void UsageFault_Handler(void)
 131:Src/stm32f1xx_it.c **** {
 102              		.loc 1 131 0
 103              		.cfi_startproc
 104              		@ Volatile: function does not return.
 105              		@ args = 0, pretend = 0, frame = 0
 106              		@ frame_needed = 0, uses_anonymous_args = 0
ARM GAS  /tmp/ccFKpU4h.s 			page 5


 107              		@ link register save eliminated.
 108              	.L9:
 109 0000 FEE7     		b	.L9
 110              		.cfi_endproc
 111              	.LFE73:
 113 0002 00BF     		.section	.text.DebugMon_Handler,"ax",%progbits
 114              		.align	2
 115              		.global	DebugMon_Handler
 116              		.thumb
 117              		.thumb_func
 119              	DebugMon_Handler:
 120              	.LFB74:
 132:Src/stm32f1xx_it.c ****   /* USER CODE BEGIN UsageFault_IRQn 0 */
 133:Src/stm32f1xx_it.c **** 
 134:Src/stm32f1xx_it.c ****   /* USER CODE END UsageFault_IRQn 0 */
 135:Src/stm32f1xx_it.c ****   while (1)
 136:Src/stm32f1xx_it.c ****   {
 137:Src/stm32f1xx_it.c ****     /* USER CODE BEGIN W1_UsageFault_IRQn 0 */
 138:Src/stm32f1xx_it.c ****     /* USER CODE END W1_UsageFault_IRQn 0 */
 139:Src/stm32f1xx_it.c ****   }
 140:Src/stm32f1xx_it.c **** }
 141:Src/stm32f1xx_it.c **** 
 142:Src/stm32f1xx_it.c **** /**
 143:Src/stm32f1xx_it.c ****   * @brief This function handles Debug monitor.
 144:Src/stm32f1xx_it.c ****   */
 145:Src/stm32f1xx_it.c **** void DebugMon_Handler(void)
 146:Src/stm32f1xx_it.c **** {
 121              		.loc 1 146 0
 122              		.cfi_startproc
 123              		@ args = 0, pretend = 0, frame = 0
 124              		@ frame_needed = 0, uses_anonymous_args = 0
 125              		@ link register save eliminated.
 126 0000 7047     		bx	lr
 127              		.cfi_endproc
 128              	.LFE74:
 130 0002 00BF     		.section	.text.TIM1_UP_IRQHandler,"ax",%progbits
 131              		.align	2
 132              		.global	TIM1_UP_IRQHandler
 133              		.thumb
 134              		.thumb_func
 136              	TIM1_UP_IRQHandler:
 137              	.LFB75:
 147:Src/stm32f1xx_it.c ****   /* USER CODE BEGIN DebugMonitor_IRQn 0 */
 148:Src/stm32f1xx_it.c **** 
 149:Src/stm32f1xx_it.c ****   /* USER CODE END DebugMonitor_IRQn 0 */
 150:Src/stm32f1xx_it.c ****   /* USER CODE BEGIN DebugMonitor_IRQn 1 */
 151:Src/stm32f1xx_it.c **** 
 152:Src/stm32f1xx_it.c ****   /* USER CODE END DebugMonitor_IRQn 1 */
 153:Src/stm32f1xx_it.c **** }
 154:Src/stm32f1xx_it.c **** 
 155:Src/stm32f1xx_it.c **** /******************************************************************************/
 156:Src/stm32f1xx_it.c **** /* STM32F1xx Peripheral Interrupt Handlers                                    */
 157:Src/stm32f1xx_it.c **** /* Add here the Interrupt Handlers for the used peripherals.                  */
 158:Src/stm32f1xx_it.c **** /* For the available peripheral interrupt handler names,                      */
 159:Src/stm32f1xx_it.c **** /* please refer to the startup file (startup_stm32f1xx.s).                    */
 160:Src/stm32f1xx_it.c **** /******************************************************************************/
 161:Src/stm32f1xx_it.c **** 
ARM GAS  /tmp/ccFKpU4h.s 			page 6


 162:Src/stm32f1xx_it.c **** /**
 163:Src/stm32f1xx_it.c ****   * @brief This function handles TIM1 update interrupt.
 164:Src/stm32f1xx_it.c ****   */
 165:Src/stm32f1xx_it.c **** void TIM1_UP_IRQHandler(void)
 166:Src/stm32f1xx_it.c **** {
 138              		.loc 1 166 0
 139              		.cfi_startproc
 140              		@ args = 0, pretend = 0, frame = 0
 141              		@ frame_needed = 0, uses_anonymous_args = 0
 142              		.loc 1 166 0
 143 0000 08B5     		push	{r3, lr}
 144              	.LCFI0:
 145              		.cfi_def_cfa_offset 8
 146              		.cfi_offset 3, -8
 147              		.cfi_offset 14, -4
 167:Src/stm32f1xx_it.c ****   /* USER CODE BEGIN TIM1_UP_IRQn 0 */
 168:Src/stm32f1xx_it.c **** 
 169:Src/stm32f1xx_it.c ****   /* USER CODE END TIM1_UP_IRQn 0 */
 170:Src/stm32f1xx_it.c ****   HAL_TIM_IRQHandler(&htim1);
 148              		.loc 1 170 0
 149 0002 0248     		ldr	r0, .L13
 150 0004 FFF7FEFF 		bl	HAL_TIM_IRQHandler
 151              	.LVL0:
 152 0008 08BD     		pop	{r3, pc}
 153              	.L14:
 154 000a 00BF     		.align	2
 155              	.L13:
 156 000c 00000000 		.word	htim1
 157              		.cfi_endproc
 158              	.LFE75:
 160              		.text
 161              	.Letext0:
 162              		.file 2 "/usr/include/newlib/machine/_default_types.h"
 163              		.file 3 "/usr/include/newlib/sys/_stdint.h"
 164              		.file 4 "Drivers/CMSIS/Device/ST/STM32F1xx/Include/stm32f103xb.h"
 165              		.file 5 "Drivers/STM32F1xx_HAL_Driver/Inc/stm32f1xx_hal_def.h"
 166              		.file 6 "Drivers/STM32F1xx_HAL_Driver/Inc/stm32f1xx_hal_dma.h"
 167              		.file 7 "Drivers/STM32F1xx_HAL_Driver/Inc/stm32f1xx_hal_tim.h"
 168              		.file 8 "Drivers/CMSIS/Include/core_cm3.h"
ARM GAS  /tmp/ccFKpU4h.s 			page 7


DEFINED SYMBOLS
                            *ABS*:0000000000000000 stm32f1xx_it.c
     /tmp/ccFKpU4h.s:20     .text.NMI_Handler:0000000000000000 $t
     /tmp/ccFKpU4h.s:25     .text.NMI_Handler:0000000000000000 NMI_Handler
     /tmp/ccFKpU4h.s:38     .text.HardFault_Handler:0000000000000000 $t
     /tmp/ccFKpU4h.s:43     .text.HardFault_Handler:0000000000000000 HardFault_Handler
     /tmp/ccFKpU4h.s:57     .text.MemManage_Handler:0000000000000000 $t
     /tmp/ccFKpU4h.s:62     .text.MemManage_Handler:0000000000000000 MemManage_Handler
     /tmp/ccFKpU4h.s:76     .text.BusFault_Handler:0000000000000000 $t
     /tmp/ccFKpU4h.s:81     .text.BusFault_Handler:0000000000000000 BusFault_Handler
     /tmp/ccFKpU4h.s:95     .text.UsageFault_Handler:0000000000000000 $t
     /tmp/ccFKpU4h.s:100    .text.UsageFault_Handler:0000000000000000 UsageFault_Handler
     /tmp/ccFKpU4h.s:114    .text.DebugMon_Handler:0000000000000000 $t
     /tmp/ccFKpU4h.s:119    .text.DebugMon_Handler:0000000000000000 DebugMon_Handler
     /tmp/ccFKpU4h.s:131    .text.TIM1_UP_IRQHandler:0000000000000000 $t
     /tmp/ccFKpU4h.s:136    .text.TIM1_UP_IRQHandler:0000000000000000 TIM1_UP_IRQHandler
     /tmp/ccFKpU4h.s:156    .text.TIM1_UP_IRQHandler:000000000000000c $d
                     .debug_frame:0000000000000010 $d

UNDEFINED SYMBOLS
HAL_TIM_IRQHandler
htim1
